<?xml version="1.0" encoding="UTF-8"?>
<!-- Generated by org.testng.reporters.JUnitReportReporter -->
<testsuite skipped="0" hostname="Apples-MacBook-Pro.local" name="com.nkma.nangkhieumyanh.Scripts.NKMAScripts" tests="3" failures="0" timestamp="06 Jul 2019 07:22:56 GMT" time="25.113" errors="0">
  <testcase name="listEvent" time="11.678" classname="com.nkma.nangkhieumyanh.Scripts.NKMAScripts"/>
  <testcase name="verifyIntroPageDisplay" time="7.059" classname="com.nkma.nangkhieumyanh.Scripts.NKMAScripts"/>
  <testcase name="verifyBomonNangKhieuDisplay" time="6.376" classname="com.nkma.nangkhieumyanh.Scripts.NKMAScripts"/>
</testsuite> <!-- com.nkma.nangkhieumyanh.Scripts.NKMAScripts -->
